1512628026147	geckodriver	INFO	geckodriver 0.19.1
1512628026147	geckodriver	INFO	Listening on 127.0.0.1:2079
1512628026709	mozrunner::runner	INFO	Running command: "C:\\Program Files\\Mozilla Firefox\\firefox.exe" "-marionette" "-profile" "C:\\Users\\ZT\\AppData\\Local\\Temp\\rust_mozprofile.ay1N39pcYbLY"
1512628028379	Marionette	INFO	Enabled via --marionette
Unable to read VR Path Registry from C:\Users\ZT\AppData\Local\openvr\openvrpaths.vrpath
[Child 13796, Chrome_ChildThread] WARNING: pipe error: 109: file z:/build/build/src/ipc/chromium/src/chrome/common/ipc_channel_win.cc, line 346
[Child 13796, Chrome_ChildThread] WARNING: pipe error: 109: file z:/build/build/src/ipc/chromium/src/chrome/common/ipc_channel_win.cc, line 346
1512628035074	Marionette	INFO	Listening on port 2093
1512628035491	Marionette	WARN	TLS certificate errors will be ignored for this session
1512628035552	Marionette	DEBUG	Register listener.js for window 4294967297
1512628035650	Marionette	DEBUG	Received DOM event "beforeunload" for "about:blank"
1512628036036	Marionette	DEBUG	Received DOM event "pagehide" for "about:blank"
1512628036036	Marionette	DEBUG	Received DOM event "unload" for "about:blank"
1512628036778	Marionette	DEBUG	Received DOM event "DOMContentLoaded" for "http://www.cnblogs.com/leeboke/articles/5013711.html"
1512628039934	Marionette	DEBUG	Received DOM event "pageshow" for "http://www.cnblogs.com/leeboke/articles/5013711.html"
Unable to read VR Path Registry from C:\Users\ZT\AppData\Local\openvr\openvrpaths.vrpath
[Child 14164, Chrome_ChildThread] WARNING: pipe error: 109: file z:/build/build/src/ipc/chromium/src/chrome/common/ipc_channel_win.cc, line 346
[Child 14164, Chrome_ChildThread] WARNING: pipe error: 109: file z:/build/build/src/ipc/chromium/src/chrome/common/ipc_channel_win.cc, line 346
Unable to read VR Path Registry from C:\Users\ZT\AppData\Local\openvr\openvrpaths.vrpath
[Child 13944, Chrome_ChildThread] WARNING: pipe error: 109: file z:/build/build/src/ipc/chromium/src/chrome/common/ipc_channel_win.cc, line 346
[Child 13944, Chrome_ChildThread] WARNING: pipe error: 109: file z:/build/build/src/ipc/chromium/src/chrome/common/ipc_channel_win.cc, line 346
*** UTM:SVC TimerManager:registerTimer called after profile-before-change notification. Ignoring timer registration for id: telemetry_modules_ping
Unable to read VR Path Registry from C:\Users\ZT\AppData\Local\openvr\openvrpaths.vrpath
[GPU 13524, Chrome_ChildThread] WARNING: pipe error: 109: file z:/build/build/src/ipc/chromium/src/chrome/common/ipc_channel_win.cc, line 346

###!!! [Child][MessageChannel::SendAndWait] Error: Channel error: cannot send/recv

Unable to read VR Path Registry from C:\Users\ZT\AppData\Local\openvr\openvrpaths.vrpath
1512628092090	geckodriver	INFO	geckodriver 0.19.1
1512628092098	geckodriver	INFO	Listening on 127.0.0.1:2274
1512628092646	mozrunner::runner	INFO	Running command: "C:\\Program Files\\Mozilla Firefox\\firefox.exe" "-marionette" "-profile" "C:\\Users\\ZT\\AppData\\Local\\Temp\\rust_mozprofile.r6awJKwnWXar"
1512628093255	Marionette	INFO	Enabled via --marionette
Unable to read VR Path Registry from C:\Users\ZT\AppData\Local\openvr\openvrpaths.vrpath
[Child 3332, Chrome_ChildThread] WARNING: pipe error: 109: file z:/build/build/src/ipc/chromium/src/chrome/common/ipc_channel_win.cc, line 346
[Child 3332, Chrome_ChildThread] WARNING: pipe error: 109: file z:/build/build/src/ipc/chromium/src/chrome/common/ipc_channel_win.cc, line 346
1512628096321	Marionette	INFO	Listening on port 2278
1512628096899	Marionette	WARN	TLS certificate errors will be ignored for this session
1512628096958	Marionette	DEBUG	Register listener.js for window 4294967297
1512628096971	Marionette	DEBUG	Received DOM event "beforeunload" for "about:blank"
1512628097945	Marionette	DEBUG	Received DOM event "pagehide" for "about:blank"
1512628097945	Marionette	DEBUG	Received DOM event "unload" for "about:blank"
1512628103423	Marionette	DEBUG	Received DOM event "DOMContentLoaded" for "https://papers.ssrn.com/sol3/papers.cfm?abstract_id=1968579"
1512628103440	Marionette	DEBUG	Received observer notification "outer-window-destroyed" for "4294967301"
1512628111690	Marionette	DEBUG	Received DOM event "pageshow" for "https://papers.ssrn.com/sol3/papers.cfm?abstract_id=1968579"
Unable to read VR Path Registry from C:\Users\ZT\AppData\Local\openvr\openvrpaths.vrpath
[Parent 13176, Gecko_IOThread] WARNING: pipe error: 109: file z:/build/build/src/ipc/chromium/src/chrome/common/ipc_channel_win.cc, line 346
[Parent 13176, Gecko_IOThread] WARNING: pipe error: 109: file z:/build/build/src/ipc/chromium/src/chrome/common/ipc_channel_win.cc, line 346
Unable to read VR Path Registry from C:\Users\ZT\AppData\Local\openvr\openvrpaths.vrpath
[Child 14272, Chrome_ChildThread] WARNING: pipe error: 109: file z:/build/build/src/ipc/chromium/src/chrome/common/ipc_channel_win.cc, line 346
Unable to read VR Path Registry from C:\Users\ZT\AppData\Local\openvr\openvrpaths.vrpath
[Child 14028, Chrome_ChildThread] WARNING: pipe error: 109: file z:/build/build/src/ipc/chromium/src/chrome/common/ipc_channel_win.cc, line 346
[Child 14028, Chrome_ChildThread] WARNING: pipe error: 109: file z:/build/build/src/ipc/chromium/src/chrome/common/ipc_channel_win.cc, line 346
[Child 14272, Chrome_ChildThread] WARNING: pipe error: 109: file z:/build/build/src/ipc/chromium/src/chrome/common/ipc_channel_win.cc, line 346
Unable to read VR Path Registry from C:\Users\ZT\AppData\Local\openvr\openvrpaths.vrpath
[GPU 12072, Chrome_ChildThread] WARNING: pipe error: 109: file z:/build/build/src/ipc/chromium/src/chrome/common/ipc_channel_win.cc, line 346

###!!! [Child][MessageChannel::SendAndWait] Error: Channel error: cannot send/recv

Marionette	DEBUG	Received DOM event "pageshow" for "https://papers.ssrn.com/sol3/papers.cfm?abstract_id=1968579"
1512628544495	Marionette	DEBUG	Received DOM event "beforeunload" for "https://papers.ssrn.com/sol3/papers.cfm?abstract_id=1968579"
1512628545723	Marionette	DEBUG	Received DOM event "pagehide" for "https://papers.ssrn.com/sol3/papers.cfm?abstract_id=1968579"
1512628545723	Marionette	DEBUG	Received DOM event "unload" for "https://papers.ssrn.com/sol3/papers.cfm?abstract_id=1968579"
1512628547800	Marionette	DEBUG	Received observer notification "outer-window-destroyed" for "4294967303"
1512628547912	Marionette	DEBUG	Received DOM event "DOMContentLoaded" for "https://papers.ssrn.com/sol3/Data_Integrity_Notice.cfm?abid=1968579"
1512628568346	Marionette	DEBUG	Received DOM event "pageshow" for "https://papers.ssrn.com/sol3/Data_Integrity_Notice.cfm?abid=1968579"
Unable to read VR Path Registry from C:\Users\ZT\AppData\Local\openvr\openvrpaths.vrpath
[Parent 9928, Gecko_IOThread] WARNING: pipe error: 109: file z:/build/build/src/ipc/chromium/src/chrome/common/ipc_channel_win.cc, line 346
[Parent 9928, Gecko_IOThread] WARNING: pipe error: 109: file z:/build/build/src/ipc/chromium/src/chrome/common/ipc_channel_win.cc, line 346
Unable to read VR Path Registry from C:\Users\ZT\AppData\Local\openvr\openvrpaths.vrpath
[Child 1772, Chrome_ChildThread] WARNING: pipe error: 109: file z:/build/build/src/ipc/chromium/src/chrome/common/ipc_channel_win.cc, line 346
Unable to read VR Path Registry from C:\Users\ZT\AppData\Local\openvr\openvrpaths.vrpath
[Child 10604, Chrome_ChildThread] WARNING: pipe error: 109: file z:/build/build/src/ipc/chromium/src/chrome/common/ipc_channel_win.cc, line 346
Unable to read VR Path Registry from C:\Users\ZT\AppData\Local\openvr\openvrpaths.vrpath
[GPU 14256, Chrome_ChildThread] WARNING: pipe error: 109: file z:/build/build/src/ipc/chromium/src/chrome/common/ipc_channel_win.cc, line 346

###!!! [Child][MessageChannel::SendAndWait] Error: Channel error: cannot send/recv

M event "unload" for "about:blank"
Unable to read VR Path Registry from C:\Users\ZT\AppData\Local\openvr\openvrpaths.vrpath
JavaScript error: https://cdn.optimizely.com/js/6377660405.js, line 377: NS_ERROR_NOT_INITIALIZED: 
JavaScript error: https://assets.adobedtm.com/376c5346e33126fdb6b2dbac81e307cbacfd7935/satelliteLib-8fea1b3346833690f9c242f7ed61a356839d979a.js, line 10: NS_ERROR_NOT_INITIALIZED: 
1512629439254	Marionette	DEBUG	Received observer notification "outer-window-destroyed" for "4294967297"
[Child 13888, Chrome_ChildThread] WARNING: pipe error: 232: file z:/build/build/src/ipc/chromium/src/chrome/common/ipc_channel_win.cc, line 513
[Child 13888, Chrome_ChildThread] WARNING: pipe error: 109: file z:/build/build/src/ipc/chromium/src/chrome/common/ipc_channel_win.cc, line 346
Unable to read VR Path Registry from C:\Users\ZT\AppData\Local\openvr\openvrpaths.vrpath
[Child 4508, Chrome_ChildThread] WARNING: pipe error: 109: file z:/build/build/src/ipc/chromium/src/chrome/common/ipc_channel_win.cc, line 346
[Child 4508, Chrome_ChildThread] WARNING: pipe error: 109: file z:/build/build/src/ipc/chromium/src/chrome/common/ipc_channel_win.cc, line 346
1512629448024	geckodriver	INFO	geckodriver 0.19.1
1512629448031	geckodriver	INFO	Listening on 127.0.0.1:4628
1512629448586	mozrunner::runner	INFO	Running command: "C:\\Program Files\\Mozilla Firefox\\firefox.exe" "-marionette" "-profile" "C:\\Users\\ZT\\AppData\\Local\\Temp\\rust_mozprofile.fdQ3GgtESN1T"
1512629449229	Marionette	INFO	Enabled via --marionette
1512629451726	Marionette	INFO	Listening on port 4634
1512629452823	Marionette	WARN	TLS certificate errors will be ignored for this session
1512629452869	Marionette	DEBUG	Register listener.js for window 4294967297
1512629452891	Marionette	DEBUG	Received DOM event "beforeunload" for "about:blank"
1512629453846	Marionette	DEBUG	Received DOM event "pagehide" for "about:blank"
1512629453847	Marionette	DEBUG	Received DOM event "unload" for "about:blank"
1512629457183	Marionette	DEBUG	Received DOM event "DOMContentLoaded" for "https://papers.ssrn.com/sol3/papers.cfm?abstract_id=1968579"
1512629457194	Marionette	DEBUG	Received observer notification "outer-window-destroyed" for "4294967301"
1512629459502	Marionette	DEBUG	Received DOM event "pageshow" for "https://papers.ssrn.com/sol3/papers.cfm?abstract_id=1968579"
1512629460046	Marionette	DEBUG	Received DOM event "beforeunload" for "https://papers.ssrn.com/sol3/papers.cfm?abstract_id=1968579"
1512629461147	Marionette	DEBUG	Received DOM event "pagehide" for "https://papers.ssrn.com/sol3/papers.cfm?abstract_id=1968579"
1512629461148	Marionette	DEBUG	Received DOM event "unload" for "https://papers.ssrn.com/sol3/papers.cfm?abstract_id=1968579"
1512629462129	Marionette	DEBUG	Received observer notification "outer-window-destroyed" for "4294967303"
1512629462214	Marionette	DEBUG	Received DOM event "DOMContentLoaded" for "https://papers.ssrn.com/sol3/Data_Integrity_Notice.cfm?abid=1968579"
1512629464873	Marionette	DEBUG	Received observer notification "outer-window-destroyed" for "4294967312"
1512629465370	Marionette	DEBUG	Received DOM event "pageshow" for "https://papers.ssrn.com/sol3/Data_Integrity_Notice.cfm?abid=1968579"
1512629465656	Marionette	DEBUG	Canceled page load listener because no navigation has been detected
Unable to read VR Path Registry from C:\Users\ZT\AppData\Local\openvr\openvrpaths.vrpath
JavaScript error: https://papers.ssrn.com/sol3/papers.cfm?abstract_id=196857, line 1173: SyntaxError: unterminated string literal
Unable to read VR Path Registry from C:\Users\ZT\AppData\Local\openvr\openvrpaths.vrpath
[Parent 13380, Gecko_IOThread] WARNING: pipe error: 109: file z:/build/build/src/ipc/chromium/src/chrome/common/ipc_channel_win.cc, line 346
[Parent 13380, Gecko_IOThread] WARNING: pipe error: 109: file z:/build/build/src/ipc/chromium/src/chrome/common/ipc_channel_win.cc, line 346
[Parent 13380, Gecko_IOThread] WARNING: pipe error: 109: file z:/build/build/src/ipc/chromium/src/chrome/common/ipc_channel_win.cc, line 346

###!!! [Child][MessageChannel::SendAndWait] Error: Channel error: cannot send/recv

read VR Path Registry from C:\Users\ZT\AppData\Local\openvr\openvrpaths.vrpath
[Parent 12356, Gecko_IOThread] WARNING: pipe error: 109: file z:/build/build/src/ipc/chromium/src/chrome/common/ipc_channel_win.cc, line 346
1512629721713	Marionette	INFO	Listening on port 5619
1512629722195	Marionette	WARN	TLS certificate errors will be ignored for this session
1512629722238	Marionette	DEBUG	Register listener.js for window 4294967297
1512629722248	Marionette	DEBUG	Received DOM event "beforeunload" for "about:blank"
1512629723079	Marionette	DEBUG	Received DOM event "pagehide" for "about:blank"
1512629723079	Marionette	DEBUG	Received DOM event "unload" for "about:blank"
1512629725747	Marionette	DEBUG	Received DOM event "DOMContentLoaded" for "https://hq.ssrn.com/login/pubsigninjoin.cfm"
1512629727730	Marionette	DEBUG	Received DOM event "pageshow" for "https://hq.ssrn.com/login/pubsigninjoin.cfm"
[Parent 12356, Gecko_IOThread] WARNING: pipe error: 109: file z:/build/build/src/ipc/chromium/src/chrome/common/ipc_channel_win.cc, line 346
Unable to read VR Path Registry from C:\Users\ZT\AppData\Local\openvr\openvrpaths.vrpath
[Child 8068, Chrome_ChildThread] WARNING: pipe error: 109: file z:/build/build/src/ipc/chromium/src/chrome/common/ipc_channel_win.cc, line 346

###!!! [Child][MessageChannel::SendAndWait] Error: Channel error: cannot send/recv

, Chrome_ChildThread] WARNING: pipe error: 109: file z:/build/build/src/ipc/chromium/src/chrome/common/ipc_channel_win.cc, line 346
1512630172823	Marionette	INFO	Listening on port 6822
1512630173827	Marionette	WARN	TLS certificate errors will be ignored for this session
1512630173871	Marionette	DEBUG	Register listener.js for window 4294967297
1512630173882	Marionette	DEBUG	Received DOM event "beforeunload" for "about:blank"
1512630175445	Marionette	DEBUG	Received DOM event "pagehide" for "about:blank"
1512630175445	Marionette	DEBUG	Received DOM event "unload" for "about:blank"
1512630201288	Marionette	DEBUG	Received DOM event "DOMContentLoaded" for "https://hq.ssrn.com/login/pubsigninjoin.cfm"
1512630234801	Marionette	DEBUG	Received observer notification "outer-window-destroyed" for "4294967297"
Unable to read VR Path Registry from C:\Users\ZT\AppData\Local\openvr\openvrpaths.vrpath
[Parent 13064, Gecko_IOThread] WARNING: pipe error: 109: file z:/build/build/src/ipc/chromium/src/chrome/common/ipc_channel_win.cc, line 346
[Parent 13064, Gecko_IOThread] WARNING: pipe error: 109: file z:/build/build/src/ipc/chromium/src/chrome/common/ipc_channel_win.cc, line 346
1512630240790	geckodriver	INFO	geckodriver 0.19.1
1512630240797	geckodriver	INFO	Listening on 127.0.0.1:7028
1512630241385	mozrunner::runner	INFO	Running command: "C:\\Program Files\\Mozilla Firefox\\firefox.exe" "-marionette" "-profile" "C:\\Users\\ZT\\AppData\\Local\\Temp\\rust_mozprofile.B6tqslHlAo3R"
1512630242060	Marionette	INFO	Enabled via --marionette
1512630244610	Marionette	INFO	Listening on port 7032
1512630245620	Marionette	WARN	TLS certificate errors will be ignored for this session
1512630245679	Marionette	DEBUG	Register listener.js for window 4294967297
1512630245690	Marionette	DEBUG	Received DOM event "beforeunload" for "about:blank"
1512630247498	Marionette	DEBUG	Received DOM event "pagehide" for "about:blank"
1512630247498	Marionette	DEBUG	Received DOM event "unload" for "about:blank"
1512630250686	Marionette	DEBUG	Received DOM event "DOMContentLoaded" for "https://hq.ssrn.com/login/pubsigninjoin.cfm"
1512630252494	Marionette	DEBUG	Received DOM event "pageshow" for "https://hq.ssrn.com/login/pubsigninjoin.cfm"
Unable to read VR Path Registry from C:\Users\ZT\AppData\Local\openvr\openvrpaths.vrpath
[Child 932, Chrome_ChildThread] WARNING: pipe error: 109: file z:/build/build/src/ipc/chromium/src/chrome/common/ipc_channel_win.cc, line 346
Unable to read VR Path Registry from C:\Users\ZT\AppData\Local\openvr\openvrpaths.vrpath
[GPU 5652, Chrome_ChildThread] WARNING: pipe error: 109: file z:/build/build/src/ipc/chromium/src/chrome/common/ipc_channel_win.cc, line 346

###!!! [Child][MessageChannel::SendAndWait] Error: Channel error: cannot send/recv

Unable to read VR Path Registry from C:\Users\ZT\AppData\Local\openvr\openvrpaths.vrpath
1512630327434	geckodriver	INFO	geckodriver 0.19.1
1512630327441	geckodriver	INFO	Listening on 127.0.0.1:7348
1512630327999	mozrunner::runner	INFO	Running command: "C:\\Program Files\\Mozilla Firefox\\firefox.exe" "-marionette" "-profile" "C:\\Users\\ZT\\AppData\\Local\\Temp\\rust_mozprofile.TKQUDC6SUVYQ"
1512630328704	Marionette	INFO	Enabled via --marionette
Unable to read VR Path Registry from C:\Users\ZT\AppData\Local\openvr\openvrpaths.vrpath
[Child 14320, Chrome_ChildThread] WARNING: pipe error: 109: file z:/build/build/src/ipc/chromium/src/chrome/common/ipc_channel_win.cc, line 346
[Child 14320, Chrome_ChildThread] WARNING: pipe error: 109: file z:/build/build/src/ipc/chromium/src/chrome/common/ipc_channel_win.cc, line 346
1512630331169	Marionette	INFO	Listening on port 7352
1512630332226	Marionette	WARN	TLS certificate errors will be ignored for this session
1512630332271	Marionette	DEBUG	Register listener.js for window 4294967297
1512630332282	Marionette	DEBUG	Received DOM event "beforeunload" for "about:blank"
1512630333125	Marionette	DEBUG	Received DOM event "pagehide" for "about:blank"
1512630333126	Marionette	DEBUG	Received DOM event "unload" for "about:blank"
1512630336257	Marionette	DEBUG	Received DOM event "DOMContentLoaded" for "https://hq.ssrn.com/login/pubsigninjoin.cfm"
1512630338130	Marionette	DEBUG	Received DOM event "pageshow" for "https://hq.ssrn.com/login/pubsigninjoin.cfm"
1512630338476	Marionette	DEBUG	Canceled page load listener because no navigation has been detected
Unable to read VR Path Registry from C:\Users\ZT\AppData\Local\openvr\openvrpaths.vrpath
[Parent 12444, Gecko_IOThread] WARNING: pipe error: 109: file z:/build/build/src/ipc/chromium/src/chrome/common/ipc_channel_win.cc, line 346
Unable to read VR Path Registry from C:\Users\ZT\AppData\Local\openvr\openvrpaths.vrpath
[Child 7680, Chrome_ChildThread] WARNING: pipe error: 109: file z:/build/build/src/ipc/chromium/src/chrome/common/ipc_channel_win.cc, line 346
Unable to read VR Path Registry from C:\Users\ZT\AppData\Local\openvr\openvrpaths.vrpath
[GPU 14924, Chrome_ChildThread] WARNING: pipe error: 109: file z:/build/build/src/ipc/chromium/src/chrome/common/ipc_channel_win.cc, line 346

###!!! [Child][MessageChannel::SendAndWait] Error: Channel error: cannot send/recv

 7612
1512630358451	Marionette	WARN	TLS certificate errors will be ignored for this session
1512630358491	Marionette	DEBUG	Register listener.js for window 4294967297
1512630358503	Marionette	DEBUG	Received DOM event "beforeunload" for "about:blank"
1512630359103	Marionette	DEBUG	Received DOM event "pagehide" for "about:blank"
1512630359103	Marionette	DEBUG	Received DOM event "unload" for "about:blank"
1512630425186	Marionette	DEBUG	Received DOM event "DOMContentLoaded" for "https://hq.ssrn.com/login/pubsigninjoin.cfm"
1512630428143	Marionette	DEBUG	Received DOM event "pageshow" for "https://hq.ssrn.com/login/pubsigninjoin.cfm"
1512630428470	Marionette	DEBUG	Canceled page load listener because no navigation has been detected
Unable to read VR Path Registry from C:\Users\ZT\AppData\Local\openvr\openvrpaths.vrpath
[Parent 15344, Gecko_IOThread] WARNING: pipe error: 109: file z:/build/build/src/ipc/chromium/src/chrome/common/ipc_channel_win.cc, line 346
Unable to read VR Path Registry from C:\Users\ZT\AppData\Local\openvr\openvrpaths.vrpath
[Child 1040, Chrome_ChildThread] WARNING: pipe error: 109: file z:/build/build/src/ipc/chromium/src/chrome/common/ipc_channel_win.cc, line 346
Unable to read VR Path Registry from C:\Users\ZT\AppData\Local\openvr\openvrpaths.vrpath
[Child 10576, Chrome_ChildThread] WARNING: pipe error: 109: file z:/build/build/src/ipc/chromium/src/chrome/common/ipc_channel_win.cc, line 346
[Child 10576, Chrome_ChildThread] WARNING: pipe error: 109: file z:/build/build/src/ipc/chromium/src/chrome/common/ipc_channel_win.cc, line 346

###!!! [Child][MessageChannel::SendAndWait] Error: Channel error: cannot send/recv

 for window 4294967297
1512630696864	Marionette	DEBUG	Received DOM event "beforeunload" for "about:blank"
1512630699175	Marionette	DEBUG	Received DOM event "pagehide" for "about:blank"
1512630699175	Marionette	DEBUG	Received DOM event "unload" for "about:blank"
1512630701811	Marionette	DEBUG	Received DOM event "DOMContentLoaded" for "https://hq.ssrn.com/login/pubsigninjoin.cfm"
1512630703527	Marionette	DEBUG	Received DOM event "pageshow" for "https://hq.ssrn.com/login/pubsigninjoin.cfm"
1512630703877	Marionette	DEBUG	Canceled page load listener because no navigation has been detected
Unable to read VR Path Registry from C:\Users\ZT\AppData\Local\openvr\openvrpaths.vrpath
[Parent 13336, Gecko_IOThread] WARNING: pipe error: 109: file z:/build/build/src/ipc/chromium/src/chrome/common/ipc_channel_win.cc, line 346
Unable to read VR Path Registry from C:\Users\ZT\AppData\Local\openvr\openvrpaths.vrpath
[Child 2744, Chrome_ChildThread] WARNING: pipe error: 109: file z:/build/build/src/ipc/chromium/src/chrome/common/ipc_channel_win.cc, line 346

###!!! [Child][MessageChannel::SendAndWait] Error: Channel error: cannot send/recv

e/common/ipc_channel_win.cc, line 346
1512630779793	Marionette	INFO	Listening on port 8779
1512630780412	Marionette	WARN	TLS certificate errors will be ignored for this session
1512630780456	Marionette	DEBUG	Register listener.js for window 4294967297
1512630780467	Marionette	DEBUG	Received DOM event "beforeunload" for "about:blank"
1512630781451	Marionette	DEBUG	Received DOM event "pagehide" for "about:blank"
1512630781451	Marionette	DEBUG	Received DOM event "unload" for "about:blank"
1512630784048	Marionette	DEBUG	Received DOM event "DOMContentLoaded" for "https://hq.ssrn.com/login/pubsigninjoin.cfm"
1512630785818	Marionette	DEBUG	Received DOM event "pageshow" for "https://hq.ssrn.com/login/pubsigninjoin.cfm"
1512630786132	Marionette	DEBUG	Canceled page load listener because no navigation has been detected
Unable to read VR Path Registry from C:\Users\ZT\AppData\Local\openvr\openvrpaths.vrpath
[Child 10180, Chrome_ChildThread] WARNING: pipe error: 109: file z:/build/build/src/ipc/chromium/src/chrome/common/ipc_channel_win.cc, line 346
[Child 10180, Chrome_ChildThread] WARNING: pipe error: 109: file z:/build/build/src/ipc/chromium/src/chrome/common/ipc_channel_win.cc, line 346

###!!! [Child][MessageChannel::SendAndWait] Error: Channel error: cannot send/recv

rome_ChildThread] WARNING: pipe error: 109: file z:/build/build/src/ipc/chromium/src/chrome/common/ipc_channel_win.cc, line 346
[Child 14996, Chrome_ChildThread] WARNING: pipe error: 109: file z:/build/build/src/ipc/chromium/src/chrome/common/ipc_channel_win.cc, line 346
1512630916171	Marionette	INFO	Listening on port 9218
1512630916466	Marionette	WARN	TLS certificate errors will be ignored for this session
1512630916508	Marionette	DEBUG	Register listener.js for window 4294967297
1512630916519	Marionette	DEBUG	Received DOM event "beforeunload" for "about:blank"
1512630917133	Marionette	DEBUG	Received DOM event "pagehide" for "about:blank"
1512630917134	Marionette	DEBUG	Received DOM event "unload" for "about:blank"
1512630919559	Marionette	DEBUG	Received DOM event "DOMContentLoaded" for "https://hq.ssrn.com/login/pubsigninjoin.cfm"
1512630921340	Marionette	DEBUG	Received DOM event "pageshow" for "https://hq.ssrn.com/login/pubsigninjoin.cfm"
1512630921669	Marionette	DEBUG	Canceled page load listener because no navigation has been detected
1512631093683	geckodriver	INFO	geckodriver 0.19.1
1512631093689	geckodriver	INFO	Listening on 127.0.0.1:9999
1512631094249	mozrunner::runner	INFO	Running command: "C:\\Program Files\\Mozilla Firefox\\firefox.exe" "-marionette" "-profile" "C:\\Users\\ZT\\AppData\\Local\\Temp\\rust_mozprofile.kTdRdBs2xFgM"
1512631094886	Marionette	INFO	Enabled via --marionette
Unable to read VR Path Registry from C:\Users\ZT\AppData\Local\openvr\openvrpaths.vrpath
[Parent 10564, Gecko_IOThread] WARNING: pipe error: 109: file z:/build/build/src/ipc/chromium/src/chrome/common/ipc_channel_win.cc, line 346
Unable to read VR Path Registry from C:\Users\ZT\AppData\Local\openvr\openvrpaths.vrpath
[Child 13840, Chrome_ChildThread] WARNING: pipe error: 109: file z:/build/build/src/ipc/chromium/src/chrome/common/ipc_channel_win.cc, line 346
1512631097654	Marionette	INFO	Listening on port 10003
1512631098484	Marionette	WARN	TLS certificate errors will be ignored for this session
1512631098529	Marionette	DEBUG	Register listener.js for window 4294967297
1512631098541	Marionette	DEBUG	Received DOM event "beforeunload" for "about:blank"
1512631099156	Marionette	DEBUG	Received DOM event "pagehide" for "about:blank"
1512631099156	Marionette	DEBUG	Received DOM event "unload" for "about:blank"
1512631101737	Marionette	DEBUG	Received DOM event "DOMContentLoaded" for "https://hq.ssrn.com/login/pubsigninjoin.cfm"
1512631104659	Marionette	DEBUG	Received DOM event "pageshow" for "https://hq.ssrn.com/login/pubsigninjoin.cfm"
1512631105018	Marionette	DEBUG	Canceled page load listener because no navigation has been detected
1512631144787	geckodriver	INFO	geckodriver 0.19.1
1512631144794	geckodriver	INFO	Listening on 127.0.0.1:10293
1512631145360	mozrunner::runner	INFO	Running command: "C:\\Program Files\\Mozilla Firefox\\firefox.exe" "-marionette" "-profile" "C:\\Users\\ZT\\AppData\\Local\\Temp\\rust_mozprofile.B96Vw8GfW5AD"
1512631146022	Marionette	INFO	Enabled via --marionette
1512631148711	Marionette	INFO	Listening on port 10297
1512631149609	Marionette	WARN	TLS certificate errors will be ignored for this session
1512631149668	Marionette	DEBUG	Register listener.js for window 4294967297
1512631149679	Marionette	DEBUG	Received DOM event "beforeunload" for "about:blank"
1512631150324	Marionette	DEBUG	Received DOM event "pagehide" for "about:blank"
1512631150324	Marionette	DEBUG	Received DOM event "unload" for "about:blank"
1512631152954	Marionette	DEBUG	Received DOM event "DOMContentLoaded" for "https://hq.ssrn.com/login/pubsigninjoin.cfm"
1512631154709	Marionette	DEBUG	Received DOM event "pageshow" for "https://hq.ssrn.com/login/pubsigninjoin.cfm"
1512631155030	Marionette	DEBUG	Canceled page load listener because no navigation has been detected

###!!! [Child][MessageChannel::SendAndWait] Error: Channel error: cannot send/recv

Unable to read VR Path Registry from C:\Users\ZT\AppData\Local\openvr\openvrpaths.vrpath
iles\\Mozilla Firefox\\firefox.exe" "-marionette" "-profile" "C:\\Users\\ZT\\AppData\\Local\\Temp\\rust_mozprofile.sMPPlEx0O6aN"
1512631183695	Marionette	INFO	Enabled via --marionette
Unable to read VR Path Registry from C:\Users\ZT\AppData\Local\openvr\openvrpaths.vrpath
[Child 8736, Chrome_ChildThread] WARNING: pipe error: 109: file z:/build/build/src/ipc/chromium/src/chrome/common/ipc_channel_win.cc, line 346
[Child 8736, Chrome_ChildThread] WARNING: pipe error: 109: file z:/build/build/src/ipc/chromium/src/chrome/common/ipc_channel_win.cc, line 346
1512631186731	Marionette	INFO	Listening on port 10591
1512631187232	Marionette	WARN	TLS certificate errors will be ignored for this session
1512631187300	Marionette	DEBUG	Register listener.js for window 4294967297
1512631187312	Marionette	DEBUG	Received DOM event "beforeunload" for "about:blank"
1512631187903	Marionette	DEBUG	Received DOM event "pagehide" for "about:blank"
1512631187903	Marionette	DEBUG	Received DOM event "unload" for "about:blank"
1512631221362	Marionette	DEBUG	Received DOM event "DOMContentLoaded" for "https://hq.ssrn.com/login/pubsigninjoin.cfm"
1512631223982	Marionette	DEBUG	Received DOM event "pageshow" for "https://hq.ssrn.com/login/pubsigninjoin.cfm"
1512631224304	Marionette	DEBUG	Canceled page load listener because no navigation has been detected
1512631390017	geckodriver	INFO	geckodriver 0.19.1
1512631390025	geckodriver	INFO	Listening on 127.0.0.1:11348
1512631390600	mozrunner::runner	INFO	Running command: "C:\\Program Files\\Mozilla Firefox\\firefox.exe" "-marionette" "-profile" "C:\\Users\\ZT\\AppData\\Local\\Temp\\rust_mozprofile.GbSSsdT2nRJj"
1512631391291	Marionette	INFO	Enabled via --marionette
Unable to read VR Path Registry from C:\Users\ZT\AppData\Local\openvr\openvrpaths.vrpath
[Child 13388, Chrome_ChildThread] WARNING: pipe error: 109: file z:/build/build/src/ipc/chromium/src/chrome/common/ipc_channel_win.cc, line 346
[Child 13388, Chrome_ChildThread] WARNING: pipe error: 109: file z:/build/build/src/ipc/chromium/src/chrome/common/ipc_channel_win.cc, line 346
1512631393834	Marionette	INFO	Listening on port 11352
1512631394832	Marionette	WARN	TLS certificate errors will be ignored for this session
1512631394876	Marionette	DEBUG	Register listener.js for window 4294967297
1512631394893	Marionette	DEBUG	Received DOM event "beforeunload" for "about:blank"
1512631395597	Marionette	DEBUG	Received DOM event "pagehide" for "about:blank"
1512631395598	Marionette	DEBUG	Received DOM event "unload" for "about:blank"
1512631398426	Marionette	DEBUG	Received DOM event "DOMContentLoaded" for "https://hq.ssrn.com/login/pubsigninjoin.cfm"
1512631400283	Marionette	DEBUG	Received DOM event "pageshow" for "https://hq.ssrn.com/login/pubsigninjoin.cfm"
1512631400627	Marionette	DEBUG	Canceled page load listener because no navigation has been detected
1512631400837	Marionette	DEBUG	Received DOM event "beforeunload" for "https://hq.ssrn.com/login/pubsigninjoin.cfm"
1512631501358	Marionette	DEBUG	Received DOM event "pagehide" for "https://hq.ssrn.com/login/pubsigninjoin.cfm"
1512631501358	Marionette	DEBUG	Received DOM event "unload" for "https://hq.ssrn.com/login/pubsigninjoin.cfm"
1512631501603	Marionette	DEBUG	Received DOM event "DOMContentLoaded" for "https://papers.ssrn.com/sol3/papers.cfm?abstract_id=1968579"
1512631502011	Marionette	DEBUG	Received DOM event "pageshow" for "https://papers.ssrn.com/sol3/papers.cfm?abst1512631502252	mozr
###!!! [Child][MessageChannel::SendAndWait] Error: Channel error: cannot send/recv

Unable to read VR Path Registry from C:\Users\ZT\AppData\Local\openvr\openvrpaths.vrpath

1512631502970	Marionette	INFO	Enabled via --marionette
1512631505687	Marionette	INFO	Listening on port 11758
1512631506488	Marionette	WARN	TLS certificate errors will be ignored for this session
1512631506531	Marionette	DEBUG	Register listener.js for window 4294967297
1512631506543	Marionette	DEBUG	Received DOM event "beforeunload" for "about:blank"
1512631507192	Marionette	DEBUG	Received DOM event "pagehide" for "about:blank"
1512631507193	Marionette	DEBUG	Received DOM event "unload" for "about:blank"
1512631573021	Marionette	DEBUG	Received DOM event "DOMContentLoaded" for "https://hq.ssrn.com/login/pubsigninjoin.cfm"
1512631575435	Marionette	DEBUG	Received DOM event "pageshow" for "https://hq.ssrn.com/login/pubsigninjoin.cfm"
1512631575774	Marionette	DEBUG	Canceled page load listener because no navigation has been detected
1512631694127	geckodriver	INFO	geckodriver 0.19.1
1512631694134	geckodriver	INFO	Listening on 127.0.0.1:12558
1512631694749	mozrunner::runner	INFO	Running command: "C:\\Program Files\\Mozilla Firefox\\firefox.exe" "-marionette" "-profile" "C:\\Users\\ZT\\AppData\\Local\\Temp\\rust_mozprofile.bBP5Fs5RtVDY"
1512631695545	Marionette	INFO	Enabled via --marionette
1512631698226	Marionette	INFO	Listening on port 12562
1512631698989	Marionette	WARN	TLS certificate errors will be ignored for this session
1512631699061	Marionette	DEBUG	Register listener.js for window 4294967297
1512631699074	Marionette	DEBUG	Received DOM event "beforeunload" for "about:blank"
1512631699746	Marionette	DEBUG	Received DOM event "pagehide" for "about:blank"
1512631699746	Marionette	DEBUG	Received DOM event "unload" for "about:blank"
1512631765629	Marionette	DEBUG	Received DOM event "DOMContentLoaded" for "https://hq.ssrn.com/login/pubsigninjoin.cfm"
1512631768023	Marionette	DEBUG	Received DOM event "pageshow" for "https://hq.ssrn.com/login/pubsigninjoin.cfm"
1512631768371	Marionette	DEBUG	Canceled page load listener because no navigation has been detected
1512631885343	geckodriver	INFO	geckodriver 0.19.1
1512631885350	geckodriver	INFO	Listening on 127.0.0.1:13061
1512631885959	mozrunner::runner	INFO	Running command: "C:\\Program Files\\Mozilla Firefox\\firefox.exe" "-marionette" "-profile" "C:\\Users\\ZT\\AppData\\Local\\Temp\\rust_mozprofile.st1xrd4YIcNl"
1512631886580	Marionette	INFO	Enabled via --marionette
Unable to read VR Path Registry from C:\Users\ZT\AppData\Local\openvr\openvrpaths.vrpath
[Child 14904, Chrome_ChildThread] WARNING: pipe error: 109: file z:/build/build/src/ipc/chromium/src/chrome/common/ipc_channel_win.cc, line 346
[Child 14904, Chrome_ChildThread] WARNING: pipe error: 109: file z:/build/build/src/ipc/chromium/src/chrome/common/ipc_channel_win.cc, line 346
1512631889340	Marionette	INFO	Listening on port 13066
1512631890208	Marionette	WARN	TLS certificate errors will be ignored for this session
1512631890273	Marionette	DEBUG	Register listener.js for window 4294967297
1512631890283	Marionette	DEBUG	Received DOM event "beforeunload" for "about:blank"
1512631891103	Marionette	DEBUG	Received DOM event "pagehide" for "about:blank"
1512631891103	Marionette	DEBUG	Received DOM event "unload" for "about:blank"
1512631894354	Marionette	DEBUG	Received DOM event "DOMContentLoaded" for "https://hq.ssrn.com/login/pubsigninjoin.cfm"
1512631897503	Marionette	DEBUG	Received DOM event "pageshow" for "https://hq.ssrn.com/login/pubsigninjoin.cfm"
1512631897845	Marionette	DEBUG	Canceled page load listener because no navigation has been detected
1512631898410	Marionette	DEBUG	Received DOM event "beforeunload" for "https://hq.ssrn.com/login/pubsigninjoin.cfm"
1512631899089	Marionette	DEBUG	Received DOM event "pagehide" for "https://hq.ssrn.com/login/pubsigninjoin.cfm"
1512631899089	Marionette	DEBUG	Received DOM event "unload" for "https://hq.ssrn.com/login/pubsigninjoin.cfm"
1512631900273	Marionette	DEBUG	Received DOM event "DOMContentLoaded" for "https://papers.ssrn.com/sol3/papers.cfm?abstract_id=1968579"
1512631900280	Marionette	DEBUG	Received observer notification "outer-window-destroyed" for "4294967302"
1512631901800	Marionette	DEBUG	Received DOM event "pageshow" for "https://papers.ssrn.com/sol3/papers.cfm?abstract_id=1968579"
IPDL protocol error: Handler returned error code!

###!!! [Parent][DispatchAsyncMessage] Error: PLayerTransaction::Msg_ReleaseLayer Processing error: message was deserialized, but the handler returned false (indicating failure)

IPDL protocol error: Handler returned error code!

###!!! [Parent][DispatchAsyncMessage] Error: PLayerTransaction::Msg_ReleaseLayer Processing error: message was deserialized, but the handler returned false (indicating failure)

IPDL protocol error: Handler returned error code!

###!!! [Parent][DispatchAsyncMessage] Error: PLayerTransaction::Msg_ReleaseLayer Processing error: message was deserialized, but the handler returned false (indicating failure)

IPDL protocol error: Handler returned error code!

###!!! [Parent][DispatchAsyncMessage] Error: PLayerTransaction::Msg_ReleaseLayer Processing error: message was deserialized, but the handler returned false (indicating failure)

IPDL protocol error: Handler returned error code!

###!!! [Parent][DispatchAsyncMessage] Error: PLayerTransaction::Msg_ReleaseLayer Processing error: message was deserialized, but the handler returned false (indicating failure)

Unable to read VR Path Registry from C:\Users\ZT\AppData\Local\openvr\openvrpaths.vrpath
[Child 104, Chrome_ChildThread] WARNING: pipe error: 109: file z:/build/build/src/ipc/chromium/src/chrome/common/ipc_channel_win.cc, line 346
[Child 104, Chrome_ChildThread] WARNING: pipe error: 109: file z:/build/build/src/ipc/chromium/src/chrome/common/ipc_channel_win.cc, line 346

###!!! [Child][MessageChannel::SendAndWait] Error: Channel error: cannot send/recv

9	Marionette	DEBUG	Received DOM event "unload" for "https://hq.ssrn.com/login/pubsigninjoin.cfm"
1512632139337	Marionette	DEBUG	Received DOM event "DOMContentLoaded" for "https://papers.ssrn.com/sol3/papers.cfm?abstract_id=1968579"
1512632139345	Marionette	DEBUG	Received observer notification "outer-window-destroyed" for "4294967302"
1512632141007	Marionette	DEBUG	Received DOM event "pageshow" for "https://papers.ssrn.com/sol3/papers.cfm?abstract_id=1968579"
1512632141577	Marionette	DEBUG	Received DOM event "beforeunload" for "https://papers.ssrn.com/sol3/papers.cfm?abstract_id=1968579"
1512632146584	Marionette	DEBUG	Canceled page load listener because no navigation has been detected
Unable to read VR Path Registry from C:\Users\ZT\AppData\Local\openvr\openvrpaths.vrpath
[Parent 14852, Gecko_IOThread] WARNING: pipe error: 109: file z:/build/build/src/ipc/chromium/src/chrome/common/ipc_channel_win.cc, line 346
Unable to read VR Path Registry from C:\Users\ZT\AppData\Local\openvr\openvrpaths.vrpath
[Child 11720, Chrome_ChildThread] WARNING: pipe error: 109: file z:/build/build/src/ipc/chromium/src/chrome/common/ipc_channel_win.cc, line 346
Unable to read VR Path Registry from C:\Users\ZT\AppData\Local\openvr\openvrpaths.vrpath
[Child 10040, Chrome_ChildThread] WARNING: pipe error: 109: file z:/build/build/src/ipc/chromium/src/chrome/common/ipc_channel_win.cc, line 346

###!!! [Child][MessageChannel::SendAndWait] Error: Channel error: cannot send/recv

4352
1512632307507	Marionette	WARN	TLS certificate errors will be ignored for this session
1512632307560	Marionette	DEBUG	Register listener.js for window 4294967297
1512632307578	Marionette	DEBUG	Received DOM event "beforeunload" for "about:blank"
1512632308393	Marionette	DEBUG	Received DOM event "pagehide" for "about:blank"
1512632308393	Marionette	DEBUG	Received DOM event "unload" for "about:blank"
1512632311052	Marionette	DEBUG	Received DOM event "DOMContentLoaded" for "https://hq.ssrn.com/login/pubsigninjoin.cfm"
1512632312811	Marionette	DEBUG	Received DOM event "pageshow" for "https://hq.ssrn.com/login/pubsigninjoin.cfm"
1512632313153	Marionette	DEBUG	Canceled page load listener because no navigation has been detected
1512632313693	Marionette	DEBUG	Received DOM event "beforeunload" for "https://hq.ssrn.com/login/pubsigninjoin.cfm"
1512632314776	Marionette	DEBUG	Received DOM event "pagehide" for "https://hq.ssrn.com/login/pubsigninjoin.cfm"
1512632314786	Marionette	DEBUG	Received DOM event "unload" for "https://hq.ssrn.com/login/pubsigninjoin.cfm"
1512632316078	Marionette	DEBUG	Received DOM event "DOMContentLoaded" for "https://papers.ssrn.com/sol3/papers.cfm?abstract_id=1968579"
1512632316089	Marionette	DEBUG	Received observer notification "outer-window-destroyed" for "4294967302"
1512632318025	Marionette	DEBUG	Received DOM event "pageshow" for "https://papers.ssrn.com/sol3/papers.cfm?abstract_id=1968579"
1512632318587	Marionette	DEBUG	Received DOM event "beforeunload" for "https://papers.ssrn.com/sol3/papers.cfm?abstract_id=1968579"
1512632323597	Marionette	DEBUG	Canceled page load listener because no navigation has been detected
Unable to read VR Path Registry from C:\Users\ZT\AppData\Local\openvr\openvrpaths.vrpath
[Child 5540, Chrome_ChildThread] WARNING: pipe error: 109: file z:/build/build/src/ipc/chromium/src/chrome/common/ipc_channel_win.cc, line 346
Unable to read VR Path Registry from C:\Users\ZT\AppData\Local\openvr\openvrpaths.vrpath
[Child 3316, Chrome_ChildThread] WARNING: pipe error: 109: file z:/build/build/src/ipc/chromium/src/chrome/common/ipc_channel_win.cc, line 346

###!!! [Child][MessageChannel::SendAndWait] Error: Channel error: cannot send/recv

Unable to read VR Path Registry from C:\Users\ZT\AppData\Local\openvr\openvrpaths.vrpath
ror: 109: file z:/build/build/src/ipc/chromium/src/chrome/common/ipc_channel_win.cc, line 346
1512632501700	Marionette	INFO	Listening on port 15518
1512632502223	Marionette	WARN	TLS certificate errors will be ignored for this session
1512632502290	Marionette	DEBUG	Register listener.js for window 4294967297
1512632502302	Marionette	DEBUG	Received DOM event "beforeunload" for "about:blank"
1512632503012	Marionette	DEBUG	Received DOM event "pagehide" for "about:blank"
1512632503012	Marionette	DEBUG	Received DOM event "unload" for "about:blank"
1512632604694	Marionette	DEBUG	Received DOM event "DOMContentLoaded" for "https://hq.ssrn.com/login/pubsigninjoin.cfm"
1512632605956	Marionette	DEBUG	Received DOM event "pageshow" for "https://hq.ssrn.com/login/pubsigninjoin.cfm"
1512632606287	Marionette	DEBUG	Canceled page load listener because no navigation has been detected
1512632606721	Marionette	DEBUG	Received DOM event "beforeunload" for "https://hq.ssrn.com/login/pubsigninjoin.cfm"
1512632607670	Marionette	DEBUG	Received DOM event "pagehide" for "https://hq.ssrn.com/login/pubsigninjoin.cfm"
1512632607671	Marionette	DEBUG	Received DOM event "unload" for "https://hq.ssrn.com/login/pubsigninjoin.cfm"
1512632608904	Marionette	DEBUG	Received DOM event "DOMContentLoaded" for "https://papers.ssrn.com/sol3/papers.cfm?abstract_id=1968579"
1512632608911	Marionette	DEBUG	Received observer notification "outer-window-destroyed" for "4294967302"
1512632610782	Marionette	DEBUG	Received DOM event "pageshow" for "https://papers.ssrn.com/sol3/papers.cfm?abstract_id=1968579"
1512632611432	Marionette	DEBUG	Received DOM event "beforeunload" for "https://papers.ssrn.com/sol3/papers.cfm?abstract_id=1968579"
1512632616442	Marionette	DEBUG	Canceled page load listener because no navigation has been detected
Unable to read VR Path Registry from C:\Users\ZT\AppData\Local\openvr\openvrpaths.vrpath
[Parent 15276, Gecko_IOThread] WARNING: pipe error: 109: file z:/build/build/src/ipc/chromium/src/chrome/common/ipc_channel_win.cc, line 346
[Parent 15276, Gecko_IOThread] WARNING: pipe error: 109: file z:/build/build/src/ipc/chromium/src/chrome/common/ipc_channel_win.cc, line 346
Unable to read VR Path Registry from C:\Users\ZT\AppData\Local\openvr\openvrpaths.vrpath
[Child 13696, Chrome_ChildThread] WARNING: pipe error: 109: file z:/build/build/src/ipc/chromium/src/chrome/common/ipc_channel_win.cc, line 346

###!!! [Child][MessageChannel::SendAndWait] Error: Channel error: cannot send/recv

1512632963449	geckodriver	INFO	geckodriver 0.19.1
1512632963464	geckodriver	INFO	Listening on 127.0.0.1:16901
1512632964090	mozrunner::runner	INFO	Running command: "C:\\Program Files\\Mozilla Firefox\\firefox.exe" "-mari1512632964112	mozrunner::runner	INFO	Running command: "C:\\Program Files\\Mozilla Firef1512632964949	Marionette	INFO	Enabled via --marionette
1512632969461	Marionette	INFO	Listening on port 16909
1512632970547	Marionette	WARN	TLS certificate errors will be ignored for this session
1512632970607	Marionette	DEBUG	Register listener.js for window 4294967297
1512632970619	Marionette	DEBUG	Received DOM event "beforeunload" for "about:blank"
1512632971585	Marionette	DEBUG	Received DOM event "pagehide" for "about:blank"
1512632971585	Marionette	DEBUG	Received DOM event "unload" for "about:blank"
1512632979382	Marionette	DEBUG	Received DOM event "DOMContentLoaded" for "https://hq.ssrn.com/login/pubsigninjoin.cfm"
1512632987596	Marionette	DEBUG	Received DOM event "pageshow" for "https://hq.ssrn.com/login/pubsigninjoin.cfm"
1512632987974	Marionette	DEBUG	Canceled page load listener because no navigation has been detected
1512632988375	Marionette	DEBUG	Received DOM event "beforeunload" for "https://hq.ssrn.com/login/pubsigninjoin.cfm"
1512633088598	Marionette	DEBUG	Received DOM event "pagehide" for "https://hq.ssrn.com/login/pubsigninjoin.cfm"
1512633088599	Marionette	DEBUG	Received DOM event "unload" for "https://hq.ssrn.com/login/pubsigninjoin.cfm"
1512633088857	Marionette	DEBUG	Received DOM event "DOMContentLoaded" for "https://papers.ssrn.com/sol3/papers.cfm?abstract_id=1968579"
1512633089346	Marionette	DEBUG	Received DOM event "pageshow" for "https://papers.ssrn.com/sol3/papers.cfm?abstract_id=1968579"
1512633117021	addons.productaddons	WARN	Failed downloading via XHR, status: 0, reason: error
Unable to read VR Path Registry from C:\Users\ZT\AppData\Local\openvr\openvrpaths.vrpath
[Parent 9060, Gecko_IOThread] WARNING: pipe error: 109: file z:/build/build/src/ipc/chromium/src/chrome/common/ipc_channel_win.cc, line 346
Unable to read VR Path Registry from C:\Users\ZT\AppData\Local\openvr\openvrpaths.vrpath
[Child 6272, Chrome_ChildThread] WARNING: pipe error: 109: file z:/build/build/src/ipc/chromium/src/chrome/common/ipc_channel_win.cc, line 346
Unable to read VR Path Registry from C:\Users\ZT\AppData\Local\openvr\openvrpaths.vrpath
[GPU 320, Chrome_ChildThread] WARNING: pipe error: 109: file z:/build/build/src/ipc/chromium/src/chrome/common/ipc_channel_win.cc, line 346

###!!! [Child][MessageChannel::SendAndWait] Error: Channel error: cannot send/recv

4, Gecko_IOThread] WARNING: pipe error: 109: file z:/build/build/src/ipc/chromium/src/chrome/common/ipc_channel_win.cc, line 346
Unable to read VR Path Registry from C:\Users\ZT\AppData\Local\openvr\openvrpaths.vrpath
[Child 932, Chrome_ChildThread] WARNING: pipe error: 109: file z:/build/build/src/ipc/chromium/src/chrome/common/ipc_channel_win.cc, line 346
Unable to read VR Path Registry from C:\Users\ZT\AppData\Local\openvr\openvrpaths.vrpath
[Child 13428, Chrome_ChildThread] WARNING: pipe error: 109: file z:/build/build/src/ipc/chromium/src/chrome/common/ipc_channel_win.cc, line 346
Unable to read VR Path Registry from C:\Users\ZT\AppData\Local\openvr\openvrpaths.vrpath
[GPU 11972, Chrome_ChildThread] WARNING: pipe error: 109: file z:/build/build/src/ipc/chromium/src/chrome/common/ipc_channel_win.cc, line 346

###!!! [Child][MessageChannel::SendAndWait] Error: Channel error: cannot send/recv

1512633382888	geckodriver	INFO	geckodriver 0.19.1
1512633382904	geckodriver	INFO	Listening on 127.0.0.1:17756
1512633383499	mozrunner::runner	INFO	Running command: "C:\\Program Files\\Mozilla Firefox\\firefox.exe" "-mari1512633383535	mozrunner::runner	INFO	Running command: "C:\\Program Files\\Mozilla Firef1512633384466	Marionette	INFO	Enabled via --marionette
\\AppData\\Local\\Temp\\rust_mozprofile.5NweQ0wPlhId"
1512633384438	Marionette	INFO	Enabled via --marionette
1512633390199	Marionette	INFO	Listening on port 17766
1512633390473	Marionette	WARN	TLS certificate errors will be ignored for this session
1512633390517	Marionette	DEBUG	Register listener.js for window 4294967297
1512633390530	Marionette	DEBUG	Received DOM event "beforeunload" for "about:blank"
1512633391733	Marionette	DEBUG	Received DOM event "pagehide" for "about:blank"
1512633391733	Marionette	DEBUG	Received DOM event "unload" for "about:blank"
1512633394182	Marionette	DEBUG	Received DOM event "DOMContentLoaded" for "https://hq.ssrn.com/login/pubsigninjoin.cfm"
1512633396227	Marionette	DEBUG	Received DOM event "pageshow" for "https://hq.ssrn.com/login/pubsigninjoin.cfm"
1512633396539	Marionette	DEBUG	Canceled page load listener because no navigation has been detected
1512633397042	Marionette	DEBUG	Received DOM event "beforeunload" for "https://hq.ssrn.com/login/pubsigninjoin.cfm"
1512633398184	Marionette	DEBUG	Received DOM event "pagehide" for "https://hq.ssrn.com/login/pubsigninjoin.cfm"
1512633398184	Marionette	DEBUG	Received DOM event "unload" for "https://hq.ssrn.com/login/pubsigninjoin.cfm"
1512633399371	Marionette	DEBUG	Received DOM event "DOMContentLoaded" for "https://papers.ssrn.com/sol3/papers.cfm?abstract_id=1968579"
1512633399380	Marionette	DEBUG	Received observer notification "outer-window-destroyed" for "4294967302"
1512633400839	Marionette	DEBUG	Received DOM event "pageshow" for "https://papers.ssrn.com/sol3/papers.cfm?abstract_id=1968579"
1512633401420	Marionette	DEBUG	Received DOM event "beforeunload" for "https://papers.ssrn.com/sol3/papers.cfm?abstract_id=1968579"
1512633406435	Marionette	DEBUG	Canceled page load listener because no navigation has been detected
Unable to read VR Path Registry from C:\Users\ZT\AppData\Local\openvr\openvrpaths.vrpath
[Parent 6088, Gecko_IOThread] WARNING: pipe error: 109: file z:/build/build/src/ipc/chromium/src/chrome/common/ipc_channel_win.cc, line 346
Unable to read VR Path Registry from C:\Users\ZT\AppData\Local\openvr\openvrpaths.vrpath
[Child 848, Chrome_ChildThread] WARNING: pipe error: 109: file z:/build/build/src/ipc/chromium/src/chrome/common/ipc_channel_win.cc, line 346
[Child 848, Chrome_ChildThread] WARNING: pipe error: 109: file z:/build/build/src/ipc/chromium/src/chrome/common/ipc_channel_win.cc, line 346
Unable to read VR Path Registry from C:\Users\ZT\AppData\Local\openvr\openvrpaths.vrpath
[Child 15000, Chrome_ChildThread] WARNING: pipe error: 109: file z:/build/build/src/ipc/chromium/src/chrome/common/ipc_channel_win.cc, line 346
Unable to read VR Path Registry from C:\Users\ZT\AppData\Local\openvr\openvrpaths.vrpath
[Child 5856, Chrome_ChildThread] WARNING: pipe error: 109: file z:/build/build/src/ipc/chromium/src/chrome/common/ipc_channel_win.cc, line 346

###!!! [Parent][MessageChannel] Error: (msgtype=0x15008F,name=PBrowser::Msg_UpdateNativeWindowHandle) Closed channel: cannot send/recv


###!!! [Parent][MessageChannel] Error: (msgtype=0x150083,name=PBrowser::Msg_Destroy) Closed channel: cannot send/recv


###!!! [Child][MessageChannel] Error: (msgtype=0x150001,name=PBrowser::Msg_AsyncMessage) Closed channel: cannot send/recv

JavaScript error: chrome://browser/content/tab-content.js, line 316: NS_ERROR_UNEXPECTED: Component returned failure code: 0x8000ffff (NS_ERROR_UNEXPECTED) [nsIMessageSender.sendAsyncMessage]

###!!! [Child][MessageChannel] Error: (msgtype=0x150001,name=PBrowser::Msg_AsyncMessage) Closed channel: cannot send/recv

JavaScript error: chrome://browser/content/content.js, line 668: NS_ERROR_UNEXPECTED: Component returned failure code: 0x8000ffff (NS_ERROR_UNEXPECTED) [nsIMessageSender.sendAsyncMessage]

###!!! [Parent][MessageChannel] Error: (msgtype=0x15008F,name=PBrowser::Msg_UpdateNativeWindowHandle) Closed channel: cannot send/recv


###!!! [Parent][MessageChannel] Error: (msgtype=0x150083,name=PBrowser::Msg_Destroy) Closed channel: cannot send/recv


###!!! [Child][MessageChannel] Error: (msgtype=0x260003,name=PCookieService::Msg_SetCookieString) Closed channel: cannot send/recv


###!!! [Child][MessageChannel] Error: (msgtype=0x150001,name=PBrowser::Msg_AsyncMessage) Closed channel: cannot send/recv

JavaScript error: chrome://global/content/browser-child.js, line 125: NS_ERROR_UNEXPECTED: Component returned failure code: 0x8000ffff (NS_ERROR_UNEXPECTED) [nsIMessageSender.sendAsyncMessage]

###!!! [Child][MessageChannel] Error: (msgtype=0x150001,name=PBrowser::Msg_AsyncMessage) Closed channel: cannot send/recv

JavaScript error: chrome://global/content/browser-child.js, line 125: NS_ERROR_UNEXPECTED: Component returned failure code: 0x8000ffff (NS_ERROR_UNEXPECTED) [nsIMessageSender.sendAsyncMessage]

###!!! [Child][MessageChannel] Error: (msgtype=0x15002B,name=PBrowser::Msg_SetInputContext) Closed channel: cannot send/recv


###!!! [Child][MessageChannel] Error: (msgtype=0x150001,name=PBrowser::Msg_AsyncMessage) Closed channel: cannot send/recv

JavaScript error: chrome://browser/content/tab-content.js, line 316: NS_ERROR_UNEXPECTED: Component returned failure code: 0x8000ffff (NS_ERROR_UNEXPECTED) [nsIMessageSender.sendAsyncMessage]

###!!! [Child][MessageChannel] Error: (msgtype=0x150001,name=PBrowser::Msg_AsyncMessage) Closed channel: cannot send/recv

JavaScript error: chrome://browser/content/content.js, line 668: NS_ERROR_UNEXPECTED: Component returned failure code: 0x8000ffff (NS_ERROR_UNEXPECTED) [nsIMessageSender.sendAsyncMessage]

###!!! [Child][MessageChannel] Error: (msgtype=0x150001,name=PBrowser::Msg_AsyncMessage) Closed channel: cannot send/recv


###!!! [Child][MessageChannel] Error: (msgtype=0x150001,name=PBrowser::Msg_AsyncMessage) Closed channel: cannot send/recv

JavaScript error: resource://onboarding/onboarding.js, line 338: NS_ERROR_UNEXPECTED: Component returned failure code: 0x8000ffff (NS_ERROR_UNEXPECTED) [nsIMessageSender.sendAsyncMessage]

###!!! [Child][MessageChannel] Error: (msgtype=0x150001,name=PBrowser::Msg_AsyncMessage) Closed channel: cannot send/recv

JavaScript error: chrome://global/content/browser-child.js, line 125: NS_ERROR_UNEXPECTED: Component returned failure code: 0x8000ffff (NS_ERROR_UNEXPECTED) [nsIMessageSender.sendAsyncMessage]

###!!! [Child][MessageChannel] Error: (msgtype=0x2400EC,name=PContent::Msg_UnstoreAndBroadcastBlobURLUnregistration) Closed channel: cannot send/recv

1512641659225	geckodriver	INFO	geckodriver 0.19.1
1512641659276	geckodriver	INFO	Listening on 127.0.0.1:15599
1512641659579	mozrunner::runner	INFO	Running command: "C:\\Program Files\\Mozilla Firefox\\firefox.exe" "-marionette" "-profile" "C:\\Users\\ZT\\AppData\\Local\\Temp\\rust_mozprofile.ZKz2YiDbJZMP"
1512641661001	Marionette	INFO	Enabled via --marionette
Unable to read VR Path Registry from C:\Users\ZT\AppData\Local\openvr\openvrpaths.vrpath
[Child 16248, Chrome_ChildThread] WARNING: pipe error: 109: file z:/build/build/src/ipc/chromium/src/chrome/common/ipc_channel_win.cc, line 346
[Child 16248, Chrome_ChildThread] WARNING: pipe error: 109: file z:/build/build/src/ipc/chromium/src/chrome/common/ipc_channel_win.cc, line 346
1512641664782	Marionette	INFO	Listening on port 15605
1512641664933	Marionette	WARN	TLS certificate errors will be ignored for this session
1512641664990	Marionette	DEBUG	Register listener.js for window 4294967297
Unable to read VR Path Registry from C:\Users\ZT\AppData\Local\openvr\openvrpaths.vrpath
[Parent 17444, Gecko_IOThread] WARNING: pipe error: 109: file z:/build/build/src/ipc/chromium/src/chrome/common/ipc_channel_win.cc, line 346
Unable to read VR Path Registry from C:\Users\ZT\AppData\Local\openvr\openvrpaths.vrpath
[Child 16456, Chrome_ChildThread] WARNING: pipe error: 109: file z:/build/build/src/ipc/chromium/src/chrome/common/ipc_channel_win.cc, line 346
*** UTM:SVC TimerManager:registerTimer called after profile-before-change notification. Ignoring timer registration for id: telemetry_modules_ping

###!!! [Child][MessageChannel::SendAndWait] Error: Channel error: cannot send/recv

1512641940886	geckodriver	INFO	geckodriver 0.19.1
1512641940894	geckodriver	INFO	Listening on 127.0.0.1:16272
1512641941486	mozrunner::runner	INFO	Running command: "C:\\Program Files\\Mozilla Firefox\\firefox.exe" "-marionette" "-profile" "C:\\Users\\ZT\\AppData\\Local\\Temp\\rust_mozprofile.4o3LYRyVnvrL"
1512641942165	Marionette	INFO	Enabled via --marionette
1512641944944	Marionette	INFO	Listening on port 16284
1512641945720	Marionette	WARN	TLS certificate errors will be ignored for this session
1512641945762	Marionette	DEBUG	Register listener.js for window 4294967297
Unable to read VR Path Registry from C:\Users\ZT\AppData\Local\openvr\openvrpaths.vrpath
[Parent 17576, Gecko_IOThread] WARNING: pipe error: 109: file z:/build/build/src/ipc/chromium/src/chrome/common/ipc_channel_win.cc, line 346
[Parent 17576, Gecko_IOThread] WARNING: pipe error: 109: file z:/build/build/src/ipc/chromium/src/chrome/common/ipc_channel_win.cc, line 346
Unable to read VR Path Registry from C:\Users\ZT\AppData\Local\openvr\openvrpaths.vrpath
[Child 17744, Chrome_ChildThread] WARNING: pipe error: 109: file z:/build/build/src/ipc/chromium/src/chrome/common/ipc_channel_win.cc, line 346
Unable to read VR Path Registry from C:\Users\ZT\AppData\Local\openvr\openvrpaths.vrpath
[GPU 15012, Chrome_ChildThread] WARNING: pipe error: 109: file z:/build/build/src/ipc/chromium/src/chrome/common/ipc_channel_win.cc, line 346

###!!! [Child][MessageChannel::SendAndWait] Error: Channel error: cannot send/recv

